

============================== 2023-04-13 21:10:45.498975 | 31a241ca-d305-41e3-af26-d29349c82ab3 ==============================
[0m21:10:45.498980 [info ] [MainThread]: Running with dbt=1.3.1
[0m21:10:45.499146 [debug] [MainThread]: running dbt with arguments {'write_json': True, 'use_colors': True, 'printer_width': 80, 'version_check': True, 'partial_parse': True, 'static_parser': True, 'profiles_dir': '/Users/logangittelson/.dbt', 'send_anonymous_usage_stats': True, 'event_buffer_size': 100000, 'quiet': False, 'no_print': False, 'skip_profile_setup': False, 'which': 'init', 'indirect_selection': 'eager'}
[0m21:10:45.499215 [debug] [MainThread]: Tracking: tracking
[0m21:10:45.507878 [debug] [MainThread]: Sending event: {'category': 'dbt', 'action': 'invocation', 'label': 'start', 'context': [<snowplow_tracker.self_describing_json.SelfDescribingJson object at 0x1041b3850>, <snowplow_tracker.self_describing_json.SelfDescribingJson object at 0x1041b15d0>, <snowplow_tracker.self_describing_json.SelfDescribingJson object at 0x1041b0a00>]}
[0m21:10:58.261918 [debug] [MainThread]: Starter project path: /opt/homebrew/lib/python3.10/site-packages/dbt/include/starter_project
[0m21:11:44.922480 [debug] [MainThread]: Sending event: {'category': 'dbt', 'action': 'invocation', 'label': 'end', 'context': [<snowplow_tracker.self_describing_json.SelfDescribingJson object at 0x10416ff70>, <snowplow_tracker.self_describing_json.SelfDescribingJson object at 0x10416fca0>, <snowplow_tracker.self_describing_json.SelfDescribingJson object at 0x10416f280>]}
[0m21:11:44.923769 [debug] [MainThread]: Flushing usage events
[0m21:11:45.048156 [error] [MainThread]: Encountered an error:

[0m21:11:45.051988 [error] [MainThread]: Traceback (most recent call last):
  File "/opt/homebrew/lib/python3.10/site-packages/dbt/main.py", line 135, in main
    results, succeeded = handle_and_check(args)
  File "/opt/homebrew/lib/python3.10/site-packages/dbt/main.py", line 198, in handle_and_check
    task, res = run_from_args(parsed)
  File "/opt/homebrew/lib/python3.10/site-packages/dbt/main.py", line 245, in run_from_args
    results = task.run()
  File "/opt/homebrew/lib/python3.10/site-packages/dbt/task/init.py", line 331, in run
    adapter = self.ask_for_adapter_choice()
  File "/opt/homebrew/lib/python3.10/site-packages/dbt/task/init.py", line 257, in ask_for_adapter_choice
    numeric_choice = click.prompt(prompt_msg, type=click.INT)
  File "/opt/homebrew/lib/python3.10/site-packages/click/termui.py", line 166, in prompt
    value = prompt_func(prompt)
  File "/opt/homebrew/lib/python3.10/site-packages/click/termui.py", line 149, in prompt_func
    raise Abort() from None
click.exceptions.Abort



============================== 2023-04-13 21:12:11.391750 | 5162475d-cc1c-4671-a974-fc1677c5c573 ==============================
[0m21:12:11.391750 [info ] [MainThread]: Running with dbt=1.4.5
[0m21:12:11.392579 [debug] [MainThread]: running dbt with arguments {'write_json': True, 'use_colors': True, 'printer_width': 80, 'version_check': True, 'partial_parse': True, 'static_parser': True, 'profiles_dir': '/Users/logangittelson/.dbt', 'send_anonymous_usage_stats': True, 'quiet': False, 'no_print': False, 'cache_selected_only': False, 'skip_profile_setup': False, 'which': 'init', 'indirect_selection': 'eager'}
[0m21:12:11.392667 [debug] [MainThread]: Tracking: tracking
[0m21:12:11.403082 [debug] [MainThread]: Sending event: {'category': 'dbt', 'action': 'invocation', 'label': 'start', 'context': [<snowplow_tracker.self_describing_json.SelfDescribingJson object at 0x1058c2710>, <snowplow_tracker.self_describing_json.SelfDescribingJson object at 0x10590dcf0>, <snowplow_tracker.self_describing_json.SelfDescribingJson object at 0x10590cb20>]}
[0m21:12:15.864691 [debug] [MainThread]: Starter project path: /opt/homebrew/lib/python3.10/site-packages/dbt/include/starter_project
[0m21:12:18.390487 [info ] [MainThread]: 
Your new dbt project "hightouch_models" was created!

For more information on how to configure the profiles.yml file,
please consult the dbt documentation here:

  https://docs.getdbt.com/docs/configure-your-profile

One more thing:

Need help? Don't hesitate to reach out to us via GitHub issues or on Slack:

  https://community.getdbt.com/

Happy modeling!

[0m21:12:18.390870 [debug] [MainThread]: Sending event: {'category': 'dbt', 'action': 'invocation', 'label': 'end', 'context': [<snowplow_tracker.self_describing_json.SelfDescribingJson object at 0x1058c2710>, <snowplow_tracker.self_describing_json.SelfDescribingJson object at 0x1058c2d40>, <snowplow_tracker.self_describing_json.SelfDescribingJson object at 0x1058c2c20>]}
[0m21:12:18.391085 [debug] [MainThread]: Flushing usage events
